[INFO] Scanning for projects...
[INFO] 
[INFO] --------------------------< com.example:task >--------------------------
[INFO] Building task 1.0-SNAPSHOT
[INFO]   from pom.xml
[INFO] --------------------------------[ war ]---------------------------------
[INFO] 
[INFO] --- clean:3.2.0:clean (default-clean) @ task ---
[INFO] Deleting C:\Users\cjf\Desktop\task\target
[INFO] 
[INFO] --- resources:3.3.1:resources (default-resources) @ task ---
[INFO] skip non existing resourceDirectory C:\Users\cjf\Desktop\task\src\main\resources
[INFO] 
[INFO] --- compiler:3.13.0:compile (default-compile) @ task ---
[INFO] Recompiling the module because of changed source code.
[INFO] Compiling 83 source files with javac [debug target 21] to target\classes
[INFO] ------------------------------------------------------------------------
[INFO] BUILD SUCCESS
[INFO] ------------------------------------------------------------------------
[INFO] Total time:  21.395 s
[INFO] Finished at: 2026-07-06T09:03:31+08:00
[INFO] ------------------------------------------------------------------------
